<?xml version="1.0" encoding="UTF-8"?>
<!-- Generated by org.testng.reporters.JUnitReportReporter -->
<testsuite hostname="ZSCHN01LP0174" failures="0" tests="2" name="groupScripts.SampleThreeTest" time="0.010" errors="0" timestamp="2024-02-01T17:52:22 IST" skipped="0">
  <testcase classname="groupScripts.SampleThreeTest" name="testThree" time="0.002"/>
  <system-out/>
  <testcase classname="groupScripts.SampleThreeTest" name="testOne" time="0.008"/>
  <system-out/>
</testsuite> <!-- groupScripts.SampleThreeTest -->
