<?xml version="1.0" encoding="UTF-8"?>
<!-- Generated by org.testng.reporters.JUnitReportReporter -->
<testsuite hostname="ZSCHN01LP0174" failures="0" tests="1" name="testScripts.FileUploadTest" time="6.759" errors="0" timestamp="2024-01-31T17:55:20 IST" skipped="0">
  <testcase classname="testScripts.FileUploadTest" name="uploadingTheFile" time="6.759"/>
  <system-out/>
</testsuite> <!-- testScripts.FileUploadTest -->
