<?xml version="1.0" encoding="UTF-8"?>
<!-- Generated by org.testng.reporters.JUnitReportReporter -->
<testsuite hostname="ZSCHN01LP0174" failures="0" tests="1" name="testScripts.IFrameCherTest" time="29.133" errors="0" timestamp="2024-01-31T21:01:23 IST" skipped="0">
  <testcase classname="testScripts.IFrameCherTest" name="iFrameTest" time="29.133"/>
  <system-out/>
</testsuite> <!-- testScripts.IFrameCherTest -->
