<?xml version="1.0" encoding="UTF-8"?>
<!-- Generated by org.testng.reporters.JUnitReportReporter -->
<testsuite hostname="ZSCHN01LP0174" failures="0" tests="4" name="parallelScripts.SampleTwoTest" time="18.068" errors="0" timestamp="2024-02-02T15:11:56 IST" skipped="0">
  <testcase classname="parallelScripts.SampleTwoTest" name="testTwo" time="4.336"/>
  <system-out/>
  <testcase classname="parallelScripts.SampleTwoTest" name="testOne" time="4.644"/>
  <system-out/>
  <testcase classname="parallelScripts.SampleTwoTest" name="testFour" time="5.840"/>
  <system-out/>
  <testcase classname="parallelScripts.SampleTwoTest" name="testThree" time="3.248"/>
  <system-out/>
</testsuite> <!-- parallelScripts.SampleTwoTest -->
