<?xml version="1.0" encoding="UTF-8"?>
<!-- Generated by org.testng.reporters.JUnitReportReporter -->
<testsuite hostname="ZSCHN01LP0174" failures="0" tests="4" name="parallelScripts.SampleOneTest" time="17.694" errors="0" timestamp="2024-02-02T15:11:56 IST" skipped="0">
  <testcase classname="parallelScripts.SampleOneTest" name="testFour" time="5.678"/>
  <system-out/>
  <testcase classname="parallelScripts.SampleOneTest" name="testTwo" time="4.624"/>
  <system-out/>
  <testcase classname="parallelScripts.SampleOneTest" name="testThree" time="3.477"/>
  <system-out/>
  <testcase classname="parallelScripts.SampleOneTest" name="testOne" time="3.915"/>
  <system-out/>
</testsuite> <!-- parallelScripts.SampleOneTest -->
