<?xml version="1.0" encoding="UTF-8"?>
<!-- Generated by org.testng.reporters.JUnitReportReporter -->
<testsuite hostname="ZSCHN01LP0174" failures="0" tests="1" name="testScripts.DropdownTest" time="52.542" errors="0" timestamp="2024-02-03T12:56:07 IST" skipped="0">
  <testcase classname="testScripts.DropdownTest" name="dropDownElements" time="52.542"/>
  <system-out/>
</testsuite> <!-- testScripts.DropdownTest -->
