<?xml version="1.0" encoding="UTF-8"?>
<!-- Generated by org.testng.reporters.JUnitReportReporter -->
<testsuite hostname="ZSCHN01LP0174" failures="0" tests="4" name="parallelScripts.SampleOneTest" time="12.358" errors="0" timestamp="2024-02-14T15:08:32 IST" skipped="0">
  <testcase classname="parallelScripts.SampleOneTest" name="testFour" time="3.739"/>
  <system-out/>
  <testcase classname="parallelScripts.SampleOneTest" name="testOne" time="2.700"/>
  <system-out/>
  <testcase classname="parallelScripts.SampleOneTest" name="testThree" time="2.967"/>
  <system-out/>
  <testcase classname="parallelScripts.SampleOneTest" name="testTwo" time="2.952"/>
  <system-out/>
</testsuite> <!-- parallelScripts.SampleOneTest -->
