<?xml version="1.0" encoding="UTF-8"?>
<!-- Generated by org.testng.reporters.JUnitReportReporter -->
<testsuite hostname="ZSCHN01LP0174" failures="0" tests="1" name="testScripts.ExpWaitTest" time="21.844" errors="0" timestamp="2024-02-01T13:06:14 IST" skipped="0">
  <testcase classname="testScripts.ExpWaitTest" name="explicitWait" time="21.844"/>
  <system-out/>
</testsuite> <!-- testScripts.ExpWaitTest -->
