<?xml version="1.0" encoding="UTF-8"?>
<!-- Generated by org.testng.reporters.JUnitReportReporter -->
<testsuite hostname="ZSCHN01LP0174" failures="0" tests="1" name="testScripts.JQueryMenuTest" time="25.557" errors="0" timestamp="2024-02-03T12:22:34 IST" skipped="0">
  <testcase classname="testScripts.JQueryMenuTest" name="f" time="25.557"/>
  <system-out/>
</testsuite> <!-- testScripts.JQueryMenuTest -->
