<?xml version="1.0" encoding="UTF-8"?>
<!-- Generated by org.testng.reporters.JUnitReportReporter -->
<testsuite hostname="ZSCHN01LP0174" failures="0" tests="1" name="testScripts.LoginPageTest" time="8.886" errors="0" timestamp="2024-01-31T10:09:35 IST" skipped="0">
  <testcase classname="testScripts.LoginPageTest" name="validLogin" time="8.886"/>
  <system-out/>
</testsuite> <!-- testScripts.LoginPageTest -->
