<?xml version="1.0" encoding="UTF-8"?>
<!-- Generated by org.testng.reporters.JUnitReportReporter -->
<testsuite hostname="ZSCHN01LP0174" failures="0" tests="1" name="testScripts.HandleIframeTest" time="11.714" errors="0" timestamp="2024-02-03T14:07:33 IST" skipped="0">
  <testcase classname="testScripts.HandleIframeTest" name="IframeTest" time="11.714"/>
  <system-out/>
</testsuite> <!-- testScripts.HandleIframeTest -->
