<?xml version="1.0" encoding="UTF-8"?>
<!-- Generated by org.testng.reporters.JUnitReportReporter -->
<testsuite hostname="ZSCHN01LP0174" failures="0" tests="1" name="testScripts.GoogleSearchTest" time="9.772" errors="0" timestamp="2024-01-30T12:27:01 IST" skipped="0">
  <testcase classname="testScripts.GoogleSearchTest" name="searchJavaTest" time="9.772"/>
  <system-out/>
</testsuite> <!-- testScripts.GoogleSearchTest -->
