<?xml version="1.0" encoding="UTF-8"?>
<!-- Generated by org.testng.reporters.JUnitReportReporter -->
<testsuite hostname="ZSCHN01LP0174" failures="0" tests="4" name="testScripts.ParaBankTest" time="9.163" errors="0" timestamp="2024-02-05T21:48:59 IST" skipped="0">
  <testcase classname="testScripts.ParaBankTest" name="login" time="3.812"/>
  <system-out/>
  <testcase classname="testScripts.ParaBankTest" name="openAccount" time="1.124"/>
  <system-out/>
  <testcase classname="testScripts.ParaBankTest" name="transferFunds" time="2.752"/>
  <system-out/>
  <testcase classname="testScripts.ParaBankTest" name="accOverview" time="1.475"/>
  <system-out/>
</testsuite> <!-- testScripts.ParaBankTest -->
