<?xml version="1.0" encoding="UTF-8"?>
<!-- Generated by org.testng.reporters.JUnitReportReporter -->
<testsuite hostname="ZSCHN01LP0174" failures="0" tests="1" name="testScripts.DBTesting" time="0.012" errors="0" timestamp="2024-02-09T17:48:20 IST" skipped="0">
  <testcase classname="testScripts.DBTesting" name="test" time="0.012"/>
  <system-out/>
</testsuite> <!-- testScripts.DBTesting -->
