<?xml version="1.0" encoding="UTF-8"?>
<!-- Generated by org.testng.reporters.JUnitReportReporter -->
<testsuite hostname="ZSCHN01LP0174" failures="0" tests="1" name="testScripts.BookStoreTest" time="5.874" errors="0" timestamp="2024-01-31T09:40:36 IST" skipped="0">
  <testcase classname="testScripts.BookStoreTest" name="verifyTestBox" time="5.874"/>
  <system-out/>
</testsuite> <!-- testScripts.BookStoreTest -->
