<?xml version="1.0" encoding="UTF-8"?>
<!-- Generated by org.testng.reporters.JUnitReportReporter -->
<testsuite hostname="ZSCHN01LP0174" failures="0" tests="3" name="groupScripts.SampleTwoTest" time="0.002" errors="0" timestamp="2024-02-01T17:52:22 IST" skipped="0">
  <testcase classname="groupScripts.SampleTwoTest" name="testThree" time="0.000"/>
  <system-out/>
  <testcase classname="groupScripts.SampleTwoTest" name="testTwo" time="0.001"/>
  <system-out/>
  <testcase classname="groupScripts.SampleTwoTest" name="testOne" time="0.001"/>
  <system-out/>
</testsuite> <!-- groupScripts.SampleTwoTest -->
