<?xml version="1.0" encoding="UTF-8"?>
<!-- Generated by org.testng.reporters.JUnitReportReporter -->
<testsuite hostname="ZSCHN01LP0174" failures="0" tests="1" name="testScripts.InputFieldsTest" time="5.511" errors="0" timestamp="2024-01-31T09:42:04 IST" skipped="0">
  <testcase classname="testScripts.InputFieldsTest" name="validInputFields" time="5.511"/>
  <system-out/>
</testsuite> <!-- testScripts.InputFieldsTest -->
