<?xml version="1.0" encoding="UTF-8"?>
<!-- Generated by org.testng.reporters.JUnitReportReporter -->
<testsuite hostname="ZSCHN01LP0174" failures="0" tests="1" name="testScripts.MouseActionTest" time="4.769" errors="0" timestamp="2024-01-31T13:17:25 IST" skipped="0">
  <testcase classname="testScripts.MouseActionTest" name="actionsTest" time="4.769"/>
  <system-out/>
</testsuite> <!-- testScripts.MouseActionTest -->
