<?xml version="1.0" encoding="UTF-8"?>
<!-- Generated by org.testng.reporters.JUnitReportReporter -->
<testsuite hostname="ZSCHN01LP0174" failures="0" tests="1" name="testScripts.PreSucElementsTest" time="7.827" errors="0" timestamp="2024-02-03T12:41:30 IST" skipped="0">
  <testcase classname="testScripts.PreSucElementsTest" name="verifyPreSucElements" time="7.827"/>
  <system-out/>
</testsuite> <!-- testScripts.PreSucElementsTest -->
