<?xml version="1.0" encoding="UTF-8"?>
<!-- Generated by org.testng.reporters.JUnitReportReporter -->
<testsuite hostname="ZSCHN01LP0174" failures="0" tests="1" name="testScripts.FileDownloadTest" time="5.904" errors="0" timestamp="2024-02-01T10:11:00 IST" skipped="0">
  <testcase classname="testScripts.FileDownloadTest" name="f" time="5.904"/>
  <system-out/>
</testsuite> <!-- testScripts.FileDownloadTest -->
