<?xml version="1.0" encoding="UTF-8"?>
<!-- Generated by org.testng.reporters.JUnitReportReporter -->
<testsuite hostname="ZSCHN01LP0174" failures="0" tests="1" name="testScripts.PopupWinTest" time="8.046" errors="0" timestamp="2024-01-31T15:43:48 IST" skipped="0">
  <testcase classname="testScripts.PopupWinTest" name="f" time="8.046"/>
  <system-out/>
</testsuite> <!-- testScripts.PopupWinTest -->
