<?xml version="1.0" encoding="UTF-8"?>
<!-- Generated by org.testng.reporters.JUnitReportReporter -->
<testsuite hostname="ZSCHN01LP0174" failures="0" tests="7" name="testScripts.DemoBlazeLoginTest" time="47.388" errors="0" timestamp="2024-02-07T17:15:45 IST" skipped="0">
  <testcase classname="testScripts.DemoBlazeLoginTest" name="bothValidCredential" time="6.557"/>
  <system-out/>
  <testcase classname="testScripts.DemoBlazeLoginTest" name="passwordInValid" time="8.363"/>
  <system-out/>
  <testcase classname="testScripts.DemoBlazeLoginTest" name="blankUserName" time="6.505"/>
  <system-out/>
  <testcase classname="testScripts.DemoBlazeLoginTest" name="blankUsrname_blankpassword" time="6.032"/>
  <system-out/>
  <testcase classname="testScripts.DemoBlazeLoginTest" name="bothInvalidCredential" time="7.004"/>
  <system-out/>
  <testcase classname="testScripts.DemoBlazeLoginTest" name="blankPassword" time="6.020"/>
  <system-out/>
  <testcase classname="testScripts.DemoBlazeLoginTest" name="usernameInValid" time="6.907"/>
  <system-out/>
</testsuite> <!-- testScripts.DemoBlazeLoginTest -->
