<?xml version="1.0" encoding="UTF-8"?>
<!-- Generated by org.testng.reporters.JUnitReportReporter -->
<testsuite hostname="ZSCHN01LP0174" failures="0" tests="2" name="testScripts.DemoBlazeTest" time="10.729" errors="0" timestamp="2024-02-05T23:12:04 IST" skipped="0">
  <testcase classname="testScripts.DemoBlazeTest" name="validLogin" time="7.041"/>
  <system-out/>
  <testcase classname="testScripts.DemoBlazeTest" name="searchItem" time="3.688"/>
  <system-out/>
</testsuite> <!-- testScripts.DemoBlazeTest -->
