<?xml version="1.0" encoding="UTF-8"?>
<!-- Generated by org.testng.reporters.JUnitReportReporter -->
<testsuite hostname="ZSCHN01LP0174" failures="0" tests="1" name="testScripts.DbEmployeeTest" time="0.010" errors="0" timestamp="2024-02-12T14:59:32 IST" skipped="0">
  <testcase classname="testScripts.DbEmployeeTest" name="dbTest" time="0.010"/>
  <system-out/>
</testsuite> <!-- testScripts.DbEmployeeTest -->
